<?xml version="1.0" encoding="UTF-8"?>
<!-- Generated by org.testng.reporters.JUnitXMLReporter -->
<testsuite ignored="6" hostname="MohamadBader" failures="0" tests="4" name="Default test" time="8.43" errors="0" timestamp="2025-04-19T16:35:21 EET">
  <testcase classname="myTest" name="login" time="0.368"/>
  <testcase classname="myTest" name="AddAllItems" time="2.507"/>
  <testcase classname="myTest" name="RemoveAllItems" time="0.502"/>
  <testcase classname="myTest" name="Task2Part2" time="0.276"/>
  <testcase classname="myTest" name="IfStartWith" time="0.0">
    <ignored/>
  </testcase> <!-- IfStartWith -->
  <testcase classname="myTest" name="Stop" time="0.0">
    <ignored/>
  </testcase> <!-- Stop -->
  <testcase classname="myTest" name="LeftElements" time="0.0">
    <ignored/>
  </testcase> <!-- LeftElements -->
  <testcase classname="myTest" name="Task2" time="0.0">
    <ignored/>
  </testcase> <!-- Task2 -->
  <testcase classname="myTest" name="logout" time="0.0">
    <ignored/>
  </testcase> <!-- logout -->
  <testcase classname="myTest" name="Task1" time="0.0">
    <ignored/>
  </testcase> <!-- Task1 -->
</testsuite> <!-- Default test -->
